{"level":"info","message":"Starting cross-chain monitoring service","timestamp":"2025-01-12T09:17:34.770Z"}
{"error":{},"level":"error","message":"Error monitoring Starknet events","timestamp":"2025-01-12T09:17:56.248Z"}
{"error":{},"level":"error","message":"Error monitoring Starknet events","timestamp":"2025-01-12T09:18:08.125Z"}
{"error":{},"level":"error","message":"Error monitoring Starknet events","timestamp":"2025-01-12T09:18:19.994Z"}
{"error":{},"level":"error","message":"Error monitoring Starknet events","timestamp":"2025-01-12T09:18:31.824Z"}
{"error":{},"level":"error","message":"Error monitoring Starknet events","timestamp":"2025-01-12T09:18:44.037Z"}
{"error":{},"level":"error","message":"Error monitoring Starknet events","timestamp":"2025-01-12T09:18:55.911Z"}
{"error":{},"level":"error","message":"Error monitoring Starknet events","timestamp":"2025-01-12T09:19:07.757Z"}
{"error":{},"level":"error","message":"Error monitoring Starknet events","timestamp":"2025-01-12T09:19:19.620Z"}
{"error":{},"level":"error","message":"Error monitoring Starknet events","timestamp":"2025-01-12T09:19:31.493Z"}
{"error":{},"level":"error","message":"Error monitoring Starknet events","timestamp":"2025-01-12T09:19:43.338Z"}
{"error":{},"level":"error","message":"Error monitoring Starknet events","timestamp":"2025-01-12T09:19:55.177Z"}
{"error":{},"level":"error","message":"Error monitoring Starknet events","timestamp":"2025-01-12T09:20:07.654Z"}
{"error":{},"level":"error","message":"Error monitoring Starknet events","timestamp":"2025-01-12T09:20:19.512Z"}
{"error":{},"level":"error","message":"Error monitoring Starknet events","timestamp":"2025-01-12T09:20:31.925Z"}
{"error":{},"level":"error","message":"Error monitoring Starknet events","timestamp":"2025-01-12T09:20:43.771Z"}
{"error":{},"level":"error","message":"Error monitoring Starknet events","timestamp":"2025-01-12T09:20:55.655Z"}
{"error":{},"level":"error","message":"Error monitoring Starknet events","timestamp":"2025-01-12T09:21:08.156Z"}
{"error":{},"level":"error","message":"Error monitoring Starknet events","timestamp":"2025-01-12T09:21:20.151Z"}
{"error":{},"level":"error","message":"Error monitoring Starknet events","timestamp":"2025-01-12T09:21:32.685Z"}
{"error":{},"level":"error","message":"Error monitoring Starknet events","timestamp":"2025-01-12T09:21:44.621Z"}
{"error":{},"level":"error","message":"Error monitoring Starknet events","timestamp":"2025-01-12T09:21:56.473Z"}
{"error":{},"level":"error","message":"Error monitoring Starknet events","timestamp":"2025-01-12T09:22:08.326Z"}
{"error":{},"level":"error","message":"Error monitoring Starknet events","timestamp":"2025-01-12T09:22:20.190Z"}
{"error":{},"level":"error","message":"Error monitoring Starknet events","timestamp":"2025-01-12T09:22:32.082Z"}
{"error":{},"level":"error","message":"Error monitoring Starknet events","timestamp":"2025-01-12T09:22:43.937Z"}
{"error":{},"level":"error","message":"Error monitoring Starknet events","timestamp":"2025-01-12T09:22:55.871Z"}
{"error":{},"level":"error","message":"Error monitoring Starknet events","timestamp":"2025-01-12T09:23:07.828Z"}
{"error":{},"level":"error","message":"Error monitoring Starknet events","timestamp":"2025-01-12T09:23:19.678Z"}
{"error":{},"level":"error","message":"Error monitoring Starknet events","timestamp":"2025-01-12T09:23:32.235Z"}
{"error":{},"level":"error","message":"Error monitoring Starknet events","timestamp":"2025-01-12T09:23:44.106Z"}
{"error":{},"level":"error","message":"Error monitoring Starknet events","timestamp":"2025-01-12T09:23:56.575Z"}
{"error":{},"level":"error","message":"Error monitoring Starknet events","timestamp":"2025-01-12T09:24:09.194Z"}
{"error":{},"level":"error","message":"Error monitoring Starknet events","timestamp":"2025-01-12T09:24:21.701Z"}
{"error":{},"level":"error","message":"Error monitoring Starknet events","timestamp":"2025-01-12T09:24:34.327Z"}
{"error":{},"level":"error","message":"Error monitoring Starknet events","timestamp":"2025-01-12T09:24:46.205Z"}
{"error":{},"level":"error","message":"Error monitoring Starknet events","timestamp":"2025-01-12T09:24:58.053Z"}
{"error":{},"level":"error","message":"Error monitoring Starknet events","timestamp":"2025-01-12T09:25:09.932Z"}
{"error":{},"level":"error","message":"Error monitoring Starknet events","timestamp":"2025-01-12T09:25:21.753Z"}
{"error":{},"level":"error","message":"Error monitoring Starknet events","timestamp":"2025-01-12T09:25:33.559Z"}
{"error":{},"level":"error","message":"Error monitoring Starknet events","timestamp":"2025-01-12T09:25:45.558Z"}
{"error":{},"level":"error","message":"Error monitoring Starknet events","timestamp":"2025-01-12T09:25:57.435Z"}
{"error":{},"level":"error","message":"Error monitoring Starknet events","timestamp":"2025-01-12T09:26:09.244Z"}
{"error":{},"level":"error","message":"Error monitoring Starknet events","timestamp":"2025-01-12T09:26:21.184Z"}
{"error":{},"level":"error","message":"Error monitoring Starknet events","timestamp":"2025-01-12T09:26:33.061Z"}
{"error":{},"level":"error","message":"Error monitoring Starknet events","timestamp":"2025-01-12T09:26:44.947Z"}
{"error":{},"level":"error","message":"Error monitoring Starknet events","timestamp":"2025-01-12T09:26:56.785Z"}
{"error":{},"level":"error","message":"Error monitoring Starknet events","timestamp":"2025-01-12T09:27:08.650Z"}
{"error":{},"level":"error","message":"Error monitoring Starknet events","timestamp":"2025-01-12T09:27:20.473Z"}
{"error":{},"level":"error","message":"Error monitoring Starknet events","timestamp":"2025-01-12T09:27:32.308Z"}
{"error":{},"level":"error","message":"Error monitoring Starknet events","timestamp":"2025-01-12T09:27:44.184Z"}
{"error":{},"level":"error","message":"Error monitoring Starknet events","timestamp":"2025-01-12T09:27:56.064Z"}
{"error":{},"level":"error","message":"Error monitoring Starknet events","timestamp":"2025-01-12T09:28:08.338Z"}
{"error":{},"level":"error","message":"Error monitoring Starknet events","timestamp":"2025-01-12T09:28:20.200Z"}
{"error":{},"level":"error","message":"Error monitoring Starknet events","timestamp":"2025-01-12T09:28:32.036Z"}
{"error":{},"level":"error","message":"Error monitoring Starknet events","timestamp":"2025-01-12T09:28:43.881Z"}
{"error":{},"level":"error","message":"Error monitoring Starknet events","timestamp":"2025-01-12T09:28:55.748Z"}
{"error":{},"level":"error","message":"Error monitoring Starknet events","timestamp":"2025-01-12T09:29:07.603Z"}
{"error":{},"level":"error","message":"Error monitoring Starknet events","timestamp":"2025-01-12T09:29:19.449Z"}
{"error":{},"level":"error","message":"Error monitoring Starknet events","timestamp":"2025-01-12T09:29:31.296Z"}
{"error":{},"level":"error","message":"Error monitoring Starknet events","timestamp":"2025-01-12T09:29:43.156Z"}
{"error":{},"level":"error","message":"Error monitoring Starknet events","timestamp":"2025-01-12T09:29:55.010Z"}
{"error":{},"level":"error","message":"Error monitoring Starknet events","timestamp":"2025-01-12T09:30:06.869Z"}
{"error":{},"level":"error","message":"Error monitoring Starknet events","timestamp":"2025-01-12T09:30:19.501Z"}
{"error":{},"level":"error","message":"Error monitoring Starknet events","timestamp":"2025-01-12T09:30:31.495Z"}
{"error":{},"level":"error","message":"Error monitoring Starknet events","timestamp":"2025-01-12T09:30:43.358Z"}
{"error":{},"level":"error","message":"Error monitoring Starknet events","timestamp":"2025-01-12T09:30:55.207Z"}
{"error":{},"level":"error","message":"Error monitoring Starknet events","timestamp":"2025-01-12T09:31:07.059Z"}
{"error":{},"level":"error","message":"Error monitoring Starknet events","timestamp":"2025-01-12T09:31:18.949Z"}
{"error":{},"level":"error","message":"Error monitoring Starknet events","timestamp":"2025-01-12T09:31:30.778Z"}
{"error":{},"level":"error","message":"Error monitoring Starknet events","timestamp":"2025-01-12T09:31:42.613Z"}
{"error":{},"level":"error","message":"Error monitoring Starknet events","timestamp":"2025-01-12T09:31:54.449Z"}
{"error":{},"level":"error","message":"Error monitoring Starknet events","timestamp":"2025-01-12T09:32:06.343Z"}
{"error":{},"level":"error","message":"Error monitoring Starknet events","timestamp":"2025-01-12T09:32:18.211Z"}
{"error":{},"level":"error","message":"Error monitoring Starknet events","timestamp":"2025-01-12T09:32:30.054Z"}
{"error":{},"level":"error","message":"Error monitoring Starknet events","timestamp":"2025-01-12T09:32:41.921Z"}
{"error":{},"level":"error","message":"Error monitoring Starknet events","timestamp":"2025-01-12T09:32:53.756Z"}
{"error":{},"level":"error","message":"Error monitoring Starknet events","timestamp":"2025-01-12T09:33:05.588Z"}
{"error":{},"level":"error","message":"Error monitoring Starknet events","timestamp":"2025-01-12T09:33:17.450Z"}
{"error":{},"level":"error","message":"Error monitoring Starknet events","timestamp":"2025-01-12T09:33:29.284Z"}
{"error":{},"level":"error","message":"Error monitoring Starknet events","timestamp":"2025-01-12T09:33:41.129Z"}
{"error":{},"level":"error","message":"Error monitoring Starknet events","timestamp":"2025-01-12T09:33:52.990Z"}
{"error":{},"level":"error","message":"Error monitoring Starknet events","timestamp":"2025-01-12T09:34:04.835Z"}
{"error":{},"level":"error","message":"Error monitoring Starknet events","timestamp":"2025-01-12T09:34:16.689Z"}
{"error":{},"level":"error","message":"Error monitoring Starknet events","timestamp":"2025-01-12T09:34:28.531Z"}
{"error":{},"level":"error","message":"Error monitoring Starknet events","timestamp":"2025-01-12T09:34:40.349Z"}
{"error":{},"level":"error","message":"Error monitoring Starknet events","timestamp":"2025-01-12T09:34:52.219Z"}
{"error":{},"level":"error","message":"Error monitoring Starknet events","timestamp":"2025-01-12T09:35:04.051Z"}
{"error":{},"level":"error","message":"Error monitoring Starknet events","timestamp":"2025-01-12T09:35:15.917Z"}
{"error":{},"level":"error","message":"Error monitoring Starknet events","timestamp":"2025-01-12T09:35:27.768Z"}
{"error":{},"level":"error","message":"Error monitoring Starknet events","timestamp":"2025-01-12T09:35:39.632Z"}
{"error":{},"level":"error","message":"Error monitoring Starknet events","timestamp":"2025-01-12T09:35:51.498Z"}
{"error":{},"level":"error","message":"Error monitoring Starknet events","timestamp":"2025-01-12T09:36:03.330Z"}
{"error":{},"level":"error","message":"Error monitoring Starknet events","timestamp":"2025-01-12T09:36:15.170Z"}
{"error":{},"level":"error","message":"Error monitoring Starknet events","timestamp":"2025-01-12T09:36:27.013Z"}
{"error":{},"level":"error","message":"Error monitoring Starknet events","timestamp":"2025-01-12T09:36:38.875Z"}
{"error":{},"level":"error","message":"Error monitoring Starknet events","timestamp":"2025-01-12T09:36:50.713Z"}
{"error":{},"level":"error","message":"Error monitoring Starknet events","timestamp":"2025-01-12T09:37:02.573Z"}
{"error":{},"level":"error","message":"Error monitoring Starknet events","timestamp":"2025-01-12T09:37:14.414Z"}
{"error":{},"level":"error","message":"Error monitoring Starknet events","timestamp":"2025-01-12T09:37:26.303Z"}
{"error":{},"level":"error","message":"Error monitoring Starknet events","timestamp":"2025-01-12T09:37:38.177Z"}
{"error":{},"level":"error","message":"Error monitoring Starknet events","timestamp":"2025-01-12T09:37:50.002Z"}
{"error":{},"level":"error","message":"Error monitoring Starknet events","timestamp":"2025-01-12T09:38:01.864Z"}
{"error":{},"level":"error","message":"Error monitoring Starknet events","timestamp":"2025-01-12T09:38:13.723Z"}
{"error":{},"level":"error","message":"Error monitoring Starknet events","timestamp":"2025-01-12T09:38:25.522Z"}
{"error":{},"level":"error","message":"Error monitoring Starknet events","timestamp":"2025-01-12T09:38:37.369Z"}
{"error":{},"level":"error","message":"Error monitoring Starknet events","timestamp":"2025-01-12T09:38:49.226Z"}
{"error":{},"level":"error","message":"Error monitoring Starknet events","timestamp":"2025-01-12T09:39:01.076Z"}
{"error":{},"level":"error","message":"Error monitoring Starknet events","timestamp":"2025-01-12T09:39:12.959Z"}
{"error":{},"level":"error","message":"Error monitoring Starknet events","timestamp":"2025-01-12T09:39:25.784Z"}
{"error":{},"level":"error","message":"Error monitoring Starknet events","timestamp":"2025-01-12T09:39:37.779Z"}
{"error":{},"level":"error","message":"Error monitoring Starknet events","timestamp":"2025-01-12T09:39:49.760Z"}
{"error":{},"level":"error","message":"Error monitoring Starknet events","timestamp":"2025-01-12T09:40:02.253Z"}
{"error":{},"level":"error","message":"Error monitoring Starknet events","timestamp":"2025-01-12T09:40:14.953Z"}
{"error":{},"level":"error","message":"Error monitoring Starknet events","timestamp":"2025-01-12T09:40:26.807Z"}
{"error":{},"level":"error","message":"Error monitoring Starknet events","timestamp":"2025-01-12T09:40:38.794Z"}
{"error":{},"level":"error","message":"Error monitoring Starknet events","timestamp":"2025-01-12T09:40:51.216Z"}
{"error":{},"level":"error","message":"Error monitoring Starknet events","timestamp":"2025-01-12T09:41:03.152Z"}
{"error":{},"level":"error","message":"Error monitoring Starknet events","timestamp":"2025-01-12T09:41:15.075Z"}
{"error":{},"level":"error","message":"Error monitoring Starknet events","timestamp":"2025-01-12T09:41:27.608Z"}
{"error":{},"level":"error","message":"Error monitoring Starknet events","timestamp":"2025-01-12T09:41:39.966Z"}
{"error":{},"level":"error","message":"Error monitoring Starknet events","timestamp":"2025-01-12T09:41:53.246Z"}
{"error":{},"level":"error","message":"Error monitoring Starknet events","timestamp":"2025-01-12T09:42:05.081Z"}
{"error":{},"level":"error","message":"Error monitoring Starknet events","timestamp":"2025-01-12T09:42:16.934Z"}
{"error":{},"level":"error","message":"Error monitoring Starknet events","timestamp":"2025-01-12T09:42:28.835Z"}
{"error":{},"level":"error","message":"Error monitoring Starknet events","timestamp":"2025-01-12T09:42:40.680Z"}
{"error":{},"level":"error","message":"Error monitoring Starknet events","timestamp":"2025-01-12T09:42:52.541Z"}
{"error":{},"level":"error","message":"Error monitoring Starknet events","timestamp":"2025-01-12T09:43:04.384Z"}
{"error":{},"level":"error","message":"Error monitoring Starknet events","timestamp":"2025-01-12T09:43:16.265Z"}
{"error":{},"level":"error","message":"Error monitoring Starknet events","timestamp":"2025-01-12T09:43:28.122Z"}
{"error":{},"level":"error","message":"Error monitoring Starknet events","timestamp":"2025-01-12T09:43:39.965Z"}
{"error":{},"level":"error","message":"Error monitoring Starknet events","timestamp":"2025-01-12T09:43:51.837Z"}
{"error":{},"level":"error","message":"Error monitoring Starknet events","timestamp":"2025-01-12T09:44:03.704Z"}
{"error":{},"level":"error","message":"Error monitoring Starknet events","timestamp":"2025-01-12T09:44:15.534Z"}
{"error":{},"level":"error","message":"Error monitoring Starknet events","timestamp":"2025-01-12T09:44:27.396Z"}
{"error":{},"level":"error","message":"Error monitoring Starknet events","timestamp":"2025-01-12T09:44:39.254Z"}
{"error":{},"level":"error","message":"Error monitoring Starknet events","timestamp":"2025-01-12T09:44:51.129Z"}
{"error":{},"level":"error","message":"Error monitoring Starknet events","timestamp":"2025-01-12T09:45:02.995Z"}
{"error":{},"level":"error","message":"Error monitoring Starknet events","timestamp":"2025-01-12T09:45:14.829Z"}
{"error":{},"level":"error","message":"Error monitoring Starknet events","timestamp":"2025-01-12T09:45:26.718Z"}
{"error":{},"level":"error","message":"Error monitoring Starknet events","timestamp":"2025-01-12T09:45:38.550Z"}
{"error":{},"level":"error","message":"Error monitoring Starknet events","timestamp":"2025-01-12T09:45:50.377Z"}
{"error":{},"level":"error","message":"Error monitoring Starknet events","timestamp":"2025-01-12T09:46:02.283Z"}
{"error":{},"level":"error","message":"Error monitoring Starknet events","timestamp":"2025-01-12T09:46:14.145Z"}
{"error":{},"level":"error","message":"Error monitoring Starknet events","timestamp":"2025-01-12T09:46:25.961Z"}
{"error":{},"level":"error","message":"Error monitoring Starknet events","timestamp":"2025-01-12T09:46:37.824Z"}
{"error":{},"level":"error","message":"Error monitoring Starknet events","timestamp":"2025-01-12T09:46:49.709Z"}
{"error":{},"level":"error","message":"Error monitoring Starknet events","timestamp":"2025-01-12T09:47:01.547Z"}
{"error":{},"level":"error","message":"Error monitoring Starknet events","timestamp":"2025-01-12T09:47:13.412Z"}
{"error":{},"level":"error","message":"Error monitoring Starknet events","timestamp":"2025-01-12T09:47:25.289Z"}
{"error":{},"level":"error","message":"Error monitoring Starknet events","timestamp":"2025-01-12T09:47:37.120Z"}
{"error":{},"level":"error","message":"Error monitoring Starknet events","timestamp":"2025-01-12T09:47:48.980Z"}
{"error":{},"level":"error","message":"Error monitoring Starknet events","timestamp":"2025-01-12T09:48:00.825Z"}
{"level":"info","message":"Starting cross-chain monitoring service","timestamp":"2025-01-12T09:48:14.855Z"}
{"level":"info","message":"Starting cross-chain monitoring service","timestamp":"2025-01-12T09:50:09.167Z"}
{"level":"info","message":"Starting cross-chain monitoring service","timestamp":"2025-01-12T09:50:19.715Z"}
{"level":"info","message":"Starting cross-chain monitoring service","timestamp":"2025-01-12T09:54:27.940Z"}
{"error":{},"level":"error","message":"Starknet: Error requesting loan","params":{"amount":"10000000000000000000","borrower":"0x941b727Ad8ACF020558Ce58CD7Cb65b48B958DB1","creditScore":"24","durationInDays":"1200","interestRate":"50"},"timestamp":"2025-01-12T09:54:47.855Z"}
{"error":{},"eventData":{"args":["0x941b727Ad8ACF020558Ce58CD7Cb65b48B958DB1",{"hex":"0x8ac7230489e80000","type":"BigNumber"},{"hex":"0x04b0","type":"BigNumber"},{"hex":"0x32","type":"BigNumber"},{"hex":"0x18","type":"BigNumber"}],"blockNumber":7474555,"chainId":11155111,"contractAddress":"0x93B053cBfc4eaAb7D513c5bC3Cd47Ba5BB88c219","eventName":"LoanRequested","transactionHash":"0x8d5e4e997768fe55e79430ca955abc08b1b0ddf272c1e506c66437f9e9d05cc5"},"level":"error","message":"Error processing Sepolia LoanRequested event","timestamp":"2025-01-12T09:54:47.857Z"}
{"error":{},"eventData":{"args":["0x941b727Ad8ACF020558Ce58CD7Cb65b48B958DB1",{"hex":"0x8ac7230489e80000","type":"BigNumber"},{"hex":"0x04b0","type":"BigNumber"},{"hex":"0x32","type":"BigNumber"},{"hex":"0x18","type":"BigNumber"}],"blockNumber":7474555,"chainId":11155111,"contractAddress":"0x93B053cBfc4eaAb7D513c5bC3Cd47Ba5BB88c219","eventName":"LoanRequested","transactionHash":"0x8d5e4e997768fe55e79430ca955abc08b1b0ddf272c1e506c66437f9e9d05cc5"},"level":"error","message":"Error in LoanRequestedProcessor","timestamp":"2025-01-12T09:54:47.860Z"}
{"error":{},"eventData":{"args":["0x941b727Ad8ACF020558Ce58CD7Cb65b48B958DB1",{"hex":"0x8ac7230489e80000","type":"BigNumber"},{"hex":"0x04b0","type":"BigNumber"},{"hex":"0x32","type":"BigNumber"},{"hex":"0x18","type":"BigNumber"}],"blockNumber":7474555,"chainId":11155111,"contractAddress":"0x93B053cBfc4eaAb7D513c5bC3Cd47Ba5BB88c219","eventName":"LoanRequested","transactionHash":"0x8d5e4e997768fe55e79430ca955abc08b1b0ddf272c1e506c66437f9e9d05cc5"},"level":"error","message":"Error processing LoanRequested event","timestamp":"2025-01-12T09:54:47.863Z"}
{"error":{},"level":"error","message":"Starknet: Error requesting loan","params":{"amount":"10000000000000000000","borrower":"0x941b727Ad8ACF020558Ce58CD7Cb65b48B958DB1","creditScore":"24","durationInDays":"1200","interestRate":"50"},"timestamp":"2025-01-12T09:54:58.200Z"}
{"error":{},"eventData":{"args":["0x941b727Ad8ACF020558Ce58CD7Cb65b48B958DB1",{"hex":"0x8ac7230489e80000","type":"BigNumber"},{"hex":"0x04b0","type":"BigNumber"},{"hex":"0x32","type":"BigNumber"},{"hex":"0x18","type":"BigNumber"}],"blockNumber":7474555,"chainId":11155111,"contractAddress":"0x93B053cBfc4eaAb7D513c5bC3Cd47Ba5BB88c219","eventName":"LoanRequested","transactionHash":"0x8d5e4e997768fe55e79430ca955abc08b1b0ddf272c1e506c66437f9e9d05cc5"},"level":"error","message":"Error processing Sepolia LoanRequested event","timestamp":"2025-01-12T09:54:58.201Z"}
{"error":{},"eventData":{"args":["0x941b727Ad8ACF020558Ce58CD7Cb65b48B958DB1",{"hex":"0x8ac7230489e80000","type":"BigNumber"},{"hex":"0x04b0","type":"BigNumber"},{"hex":"0x32","type":"BigNumber"},{"hex":"0x18","type":"BigNumber"}],"blockNumber":7474555,"chainId":11155111,"contractAddress":"0x93B053cBfc4eaAb7D513c5bC3Cd47Ba5BB88c219","eventName":"LoanRequested","transactionHash":"0x8d5e4e997768fe55e79430ca955abc08b1b0ddf272c1e506c66437f9e9d05cc5"},"level":"error","message":"Error in LoanRequestedProcessor","timestamp":"2025-01-12T09:54:58.203Z"}
{"error":{},"eventData":{"args":["0x941b727Ad8ACF020558Ce58CD7Cb65b48B958DB1",{"hex":"0x8ac7230489e80000","type":"BigNumber"},{"hex":"0x04b0","type":"BigNumber"},{"hex":"0x32","type":"BigNumber"},{"hex":"0x18","type":"BigNumber"}],"blockNumber":7474555,"chainId":11155111,"contractAddress":"0x93B053cBfc4eaAb7D513c5bC3Cd47Ba5BB88c219","eventName":"LoanRequested","transactionHash":"0x8d5e4e997768fe55e79430ca955abc08b1b0ddf272c1e506c66437f9e9d05cc5"},"level":"error","message":"Error processing LoanRequested event","timestamp":"2025-01-12T09:54:58.204Z"}
{"error":{},"level":"error","message":"Starknet: Error funding loan","params":{"borrower":"0x941b727Ad8ACF020558Ce58CD7Cb65b48B958DB1"},"timestamp":"2025-01-12T09:55:08.348Z"}
{"error":{},"eventData":{"args":["0x941b727Ad8ACF020558Ce58CD7Cb65b48B958DB1",{"hex":"0x8ac7230489e80000","type":"BigNumber"},{"hex":"0x034550b76e4065","type":"BigNumber"},{"hex":"0x04b0","type":"BigNumber"},{"hex":"0x18","type":"BigNumber"}],"blockNumber":7474557,"chainId":11155111,"contractAddress":"0x93B053cBfc4eaAb7D513c5bC3Cd47Ba5BB88c219","eventName":"LoanInitiated","transactionHash":"0x928015b672eac183a106dc55023dd18890098a05ff2906978cb1614ae13c848b"},"level":"error","message":"Error processing Sepolia LoanInitiated event","timestamp":"2025-01-12T09:55:08.349Z"}
{"error":{},"eventData":{"args":["0x941b727Ad8ACF020558Ce58CD7Cb65b48B958DB1",{"hex":"0x8ac7230489e80000","type":"BigNumber"},{"hex":"0x034550b76e4065","type":"BigNumber"},{"hex":"0x04b0","type":"BigNumber"},{"hex":"0x18","type":"BigNumber"}],"blockNumber":7474557,"chainId":11155111,"contractAddress":"0x93B053cBfc4eaAb7D513c5bC3Cd47Ba5BB88c219","eventName":"LoanInitiated","transactionHash":"0x928015b672eac183a106dc55023dd18890098a05ff2906978cb1614ae13c848b"},"level":"error","message":"Error in LoanInitiatedProcessor","timestamp":"2025-01-12T09:55:08.350Z"}
{"error":{},"eventData":{"args":["0x941b727Ad8ACF020558Ce58CD7Cb65b48B958DB1",{"hex":"0x8ac7230489e80000","type":"BigNumber"},{"hex":"0x034550b76e4065","type":"BigNumber"},{"hex":"0x04b0","type":"BigNumber"},{"hex":"0x18","type":"BigNumber"}],"blockNumber":7474557,"chainId":11155111,"contractAddress":"0x93B053cBfc4eaAb7D513c5bC3Cd47Ba5BB88c219","eventName":"LoanInitiated","transactionHash":"0x928015b672eac183a106dc55023dd18890098a05ff2906978cb1614ae13c848b"},"level":"error","message":"Error processing LoanInitiated event","timestamp":"2025-01-12T09:55:08.350Z"}
{"error":{},"level":"error","message":"Starknet: Error funding loan","params":{"borrower":"0x941b727Ad8ACF020558Ce58CD7Cb65b48B958DB1"},"timestamp":"2025-01-12T09:55:18.918Z"}
{"error":{},"eventData":{"args":["0x941b727Ad8ACF020558Ce58CD7Cb65b48B958DB1",{"hex":"0x8ac7230489e80000","type":"BigNumber"},{"hex":"0x034550b76e4065","type":"BigNumber"},{"hex":"0x04b0","type":"BigNumber"},{"hex":"0x18","type":"BigNumber"}],"blockNumber":7474557,"chainId":11155111,"contractAddress":"0x93B053cBfc4eaAb7D513c5bC3Cd47Ba5BB88c219","eventName":"LoanInitiated","transactionHash":"0x928015b672eac183a106dc55023dd18890098a05ff2906978cb1614ae13c848b"},"level":"error","message":"Error processing Sepolia LoanInitiated event","timestamp":"2025-01-12T09:55:18.919Z"}
{"error":{},"eventData":{"args":["0x941b727Ad8ACF020558Ce58CD7Cb65b48B958DB1",{"hex":"0x8ac7230489e80000","type":"BigNumber"},{"hex":"0x034550b76e4065","type":"BigNumber"},{"hex":"0x04b0","type":"BigNumber"},{"hex":"0x18","type":"BigNumber"}],"blockNumber":7474557,"chainId":11155111,"contractAddress":"0x93B053cBfc4eaAb7D513c5bC3Cd47Ba5BB88c219","eventName":"LoanInitiated","transactionHash":"0x928015b672eac183a106dc55023dd18890098a05ff2906978cb1614ae13c848b"},"level":"error","message":"Error in LoanInitiatedProcessor","timestamp":"2025-01-12T09:55:18.920Z"}
{"error":{},"eventData":{"args":["0x941b727Ad8ACF020558Ce58CD7Cb65b48B958DB1",{"hex":"0x8ac7230489e80000","type":"BigNumber"},{"hex":"0x034550b76e4065","type":"BigNumber"},{"hex":"0x04b0","type":"BigNumber"},{"hex":"0x18","type":"BigNumber"}],"blockNumber":7474557,"chainId":11155111,"contractAddress":"0x93B053cBfc4eaAb7D513c5bC3Cd47Ba5BB88c219","eventName":"LoanInitiated","transactionHash":"0x928015b672eac183a106dc55023dd18890098a05ff2906978cb1614ae13c848b"},"level":"error","message":"Error processing LoanInitiated event","timestamp":"2025-01-12T09:55:18.921Z"}
